2019-05-26 12:04:20 [-][1][-][info][your-plugin-handle] Lorem ipsum
2019-05-26 12:04:20 [-][1][-][info][your-plugin-handle] Lorem ipsum
2019-05-26 12:04:20 [-][1][-][info][your-plugin-handle] Lorem ipsum
2019-05-26 12:04:20 [-][1][-][info][your-plugin-handle] Lorem ipsum
2019-05-26 12:04:20 [-][1][-][info][your-plugin-handle] Lorem ipsum
2019-05-26 12:04:20 [-][1][-][info][application] $_GET = []

$_POST = [
    'CRAFT_CSRF_TOKEN' => '••••••••••••••••••••••••••••••••••••••••••••••••••••••••••••••••••••••••••••••••••••••••••••••••••••••••••••••••••••••••••••••••••••••••••••••••••••••••••••••••••••••••••••••••••••••••••••••••••••••••••••••••••••••••••••••••••••••••••••••••••••••••••••••••••••••••••••••••••••••••••••••••••••••••••••••••••••••••••••••••••••••••••••••••••••••••••••••••••••••••••••••••••••••••••••••••••••••••••••••••••••••••••••••••••••••••••••••••••••••••••••••••••••••••••••••••••••••••••••••••••••••••••••••••••••••••••••••••••••••••••••••••••••••••••••••••••••••••••••'
    'action' => 'entries/save-entry'
    'redirect' => '490843c11e58cbc7d0c00cdbb1bd218180270cae13eb8586e60b555c280b6b5dentries/casting'
    'sectionId' => '12'
    'entryId' => '863'
    'title' => 'sdfsdfsdChecksdfsdfdssdfsfdsfsd'
    'fields' => [
        'firstimage' => [
            864 => [
                'type' => 'image'
                'enabled' => '1'
                'fields' => [
                    'image' => [
                        0 => '632'
                    ]
                ]
            ]
        ]
        'pageImages' => [
            865 => [
                'type' => 'pageImage'
                'enabled' => '1'
                'fields' => [
                    'image' => [
                        0 => '241'
                    ]
                ]
            ]
            867 => [
                'type' => 'pageImage'
                'enabled' => '1'
                'fields' => [
                    'image' => [
                        0 => '636'
                    ]
                ]
            ]
            868 => [
                'type' => 'pageImage'
                'enabled' => '1'
                'fields' => [
                    'image' => [
                        0 => '243'
                    ]
                ]
            ]
        ]
        'season' => ''
        'credits' => ''
    ]
    'slug' => 'cc401e28-82ca-405a-9f2b-e6b1684c43ba'
    'postDate' => [
        'date' => '5/26/2019'
        'timezone' => 'America/Los_Angeles'
        'time' => '11:08 AM'
    ]
    'expiryDate' => [
        'date' => ''
        'timezone' => 'America/Los_Angeles'
        'time' => ''
    ]
    'enabled' => '1'
    'revisionNotes' => ''
]

$_FILES = []

$_COOKIE = [
    '1031b8c41dfff97a311a7ac99863bdc5_username' => 'ca794e9fe9812be45740b79a26f7eb8597c820e0394c7ec7e751b127ea08c1dda:2:{i:0;s:41:\"1031b8c41dfff97a311a7ac99863bdc5_username\";i:1;s:5:\"admin\";}'
    '__stripe_mid' => '04f850f2-3d50-4a24-9208-009743259a57'
    'CRAFT_CSRF_TOKEN' => '•••••••••••••••••••••••••••••••••••••••••••••••••••••••••••••••••••••••••••••••••••••••••••••••••••••••••••••••••••••••••••••••••••••••••••••••••••••••••••••••••••••••••••••••••••••••••••••••••••••••••••••••••••••••••••••••••••••••••••••••••••••••••••••••••••••••••••••••••••••••••••••••••••••••••••••••••••••••••••••••'
    'CraftSessionId' => 't20q7ef6n25fojl549uthug62p'
    '1031b8c41dfff97a311a7ac99863bdc5_identity' => '27d6ef2ff48874c5d49e3b55569faefcf66495811e901c70d48f5c02e5b0cec3a:2:{i:0;s:41:\"1031b8c41dfff97a311a7ac99863bdc5_identity\";i:1;s:250:\"[\"1\",\"[\\\"hKZ1b9msiUpsyOdGhxvhrF9gkiNuvO8pN-fQoXa50jbglaXnI4hCWT5ZnAtEeSavDZ0q5O291x1dXCfzEz6v5QIK8MVBMxZ7g18Y\\\",null,\\\"Mozilla/5.0 (Macintosh; Intel Mac OS X 10_14_3) AppleWebKit/537.36 (KHTML, like Gecko) Chrome/74.0.3729.169 Safari/537.36\\\"]\",3600]\";}'
]

$_SESSION = [
    'bd62416aa8538ede709019a5e113eea5__flash' => [
        'notice' => -1
    ]
    '1031b8c41dfff97a311a7ac99863bdc5__token' => '••••••••••••••••••••••••••••••••••••••••••••••••••••••••••••••••••••••••••••••••••••••••••••••••••••'
    '1031b8c41dfff97a311a7ac99863bdc5__id' => '1'
    '1031b8c41dfff97a311a7ac99863bdc5__expire' => 1558901060
    'bd62416aa8538ede709019a5e113eea5__auth_access' => [
        0 => 'saveAssetInVolume:1'
    ]
    'notice' => 'Entry saved.'
]

$_SERVER = [
    'USER' => 'vagrant'
    'HOME' => '/home/vagrant'
    'HTTP_COOKIE' => '1031b8c41dfff97a311a7ac99863bdc5_username=ca794e9fe9812be45740b79a26f7eb8597c820e0394c7ec7e751b127ea08c1dda%3A2%3A%7Bi%3A0%3Bs%3A41%3A%221031b8c41dfff97a311a7ac99863bdc5_username%22%3Bi%3A1%3Bs%3A5%3A%22admin%22%3B%7D; __stripe_mid=04f850f2-3d50-4a24-9208-009743259a57; CRAFT_CSRF_TOKEN=d18fb202ca6d4e261d12cabe7ed0d499cc17a0f5021dfdf98de4c4d2ad7ed55da%3A2%3A%7Bi%3A0%3Bs%3A16%3A%22CRAFT_CSRF_TOKEN%22%3Bi%3A1%3Bs%3A208%3A%22iyy5tq_17WzxNcWzUweHl7iFI2sB2MpJn91v5wnu%7Ca04780ac22ba155214780aff4ca5f07e211153b9ddfda8e4243be84fc0acddd2iyy5tq_17WzxNcWzUweHl7iFI2sB2MpJn91v5wnu%7C1%7C%242y%2413%24iQYUKKqaX5V7OiJPb6zel.fnAT7OYU0t%2FzZn%2Fv6UKbNx2BAj%2FWzDe%22%3B%7D; CraftSessionId=t20q7ef6n25fojl549uthug62p; 1031b8c41dfff97a311a7ac99863bdc5_identity=27d6ef2ff48874c5d49e3b55569faefcf66495811e901c70d48f5c02e5b0cec3a%3A2%3A%7Bi%3A0%3Bs%3A41%3A%221031b8c41dfff97a311a7ac99863bdc5_identity%22%3Bi%3A1%3Bs%3A250%3A%22%5B%221%22%2C%22%5B%5C%22hKZ1b9msiUpsyOdGhxvhrF9gkiNuvO8pN-fQoXa50jbglaXnI4hCWT5ZnAtEeSavDZ0q5O291x1dXCfzEz6v5QIK8MVBMxZ7g18Y%5C%22%2Cnull%2C%5C%22Mozilla%2F5.0+%28Macintosh%3B+Intel+Mac+OS+X+10_14_3%29+AppleWebKit%2F537.36+%28KHTML%2C+like+Gecko%29+Chrome%2F74.0.3729.169+Safari%2F537.36%5C%22%5D%22%2C3600%5D%22%3B%7D'
    'HTTP_ACCEPT_LANGUAGE' => 'en-US,en;q=0.9,nl;q=0.8,de;q=0.7,la;q=0.6'
    'HTTP_ACCEPT_ENCODING' => 'gzip, deflate'
    'HTTP_REFERER' => 'http://rickymichiels.test/admin/entries/casting/863-cc401e28-82ca-405a-9f2b-e6b1684c43ba'
    'HTTP_ACCEPT' => 'text/html,application/xhtml+xml,application/xml;q=0.9,image/webp,image/apng,*/*;q=0.8,application/signed-exchange;v=b3'
    'HTTP_USER_AGENT' => 'Mozilla/5.0 (Macintosh; Intel Mac OS X 10_14_3) AppleWebKit/537.36 (KHTML, like Gecko) Chrome/74.0.3729.169 Safari/537.36'
    'HTTP_CONTENT_TYPE' => 'application/x-www-form-urlencoded'
    'HTTP_UPGRADE_INSECURE_REQUESTS' => '1'
    'HTTP_ORIGIN' => 'http://rickymichiels.test'
    'HTTP_CACHE_CONTROL' => 'max-age=0'
    'HTTP_CONTENT_LENGTH' => '2080'
    'HTTP_CONNECTION' => 'keep-alive'
    'HTTP_HOST' => 'rickymichiels.test'
    'REDIRECT_STATUS' => '200'
    'SERVER_NAME' => 'rickymichiels.test'
    'SERVER_PORT' => '80'
    'SERVER_ADDR' => '192.168.10.10'
    'REMOTE_PORT' => '53894'
    'REMOTE_ADDR' => '192.168.10.1'
    'SERVER_SOFTWARE' => 'nginx/1.15.8'
    'GATEWAY_INTERFACE' => 'CGI/1.1'
    'SERVER_PROTOCOL' => 'HTTP/1.1'
    'DOCUMENT_ROOT' => '/home/vagrant/Code/Projects/rickymichiels/web'
    'DOCUMENT_URI' => '/index.php'
    'REQUEST_URI' => '/admin/entries/casting/863-cc401e28-82ca-405a-9f2b-e6b1684c43ba'
    'SCRIPT_NAME' => '/index.php'
    'SCRIPT_FILENAME' => '/home/vagrant/Code/Projects/rickymichiels/web/index.php'
    'CONTENT_LENGTH' => '2080'
    'CONTENT_TYPE' => 'application/x-www-form-urlencoded'
    'REQUEST_METHOD' => 'POST'
    'QUERY_STRING' => ''
    'FCGI_ROLE' => 'RESPONDER'
    'PHP_SELF' => '/index.php'
    'REQUEST_TIME_FLOAT' => 1558897460.1229
    'REQUEST_TIME' => 1558897460
    'SECURITY_KEY' => '••••••••••••••••••••••••••••••••'
    'DB_DRIVER' => 'mysql'
    'DB_SERVER' => '192.168.10.10'
    'DB_PORT' => '3306'
    'DB_USER' => 'homestead'
    'DB_PASSWORD' => '••••••'
    'DB_DATABASE' => 'rickymichiels'
    'DB_SCHEMA' => 'public'
    'DB_TABLE_PREFIX' => ''
    'DEFAULT_SITE_URL' => 'rickymichiels.test'
    'ENVIRONMENT' => 'local'
    'VUE_APP_BASE_URI' => 'http://rickymichiels.test/api/v1/'
]
2019-05-26 12:05:43 [-][1][-][info][your-plugin-handle] Lorem ipsum
2019-05-26 12:05:43 [-][1][-][info][your-plugin-handle] Lorem ipsum
2019-05-26 12:05:43 [-][1][-][info][your-plugin-handle] Lorem ipsum
2019-05-26 12:05:44 [-][1][-][info][your-plugin-handle] Lorem ipsum
2019-05-26 12:05:44 [-][1][-][info][your-plugin-handle] Lorem ipsum
2019-05-26 12:05:43 [-][1][-][info][application] $_GET = []

$_POST = [
    'CRAFT_CSRF_TOKEN' => '••••••••••••••••••••••••••••••••••••••••••••••••••••••••••••••••••••••••••••••••••••••••••••••••••••••••••••••••••••••••••••••••••••••••••••••••••••••••••••••••••••••••••••••••••••••••••••••••••••••••••••••••••••••••••••••••••••••••••••••••••••••••••••••••••••••••••••••••••••••••••••••••••••••••••••••••••••••••••••••••••••••••••••••••••••••••••••••••••••••••••••••••••••••••••••••••••••••••••••••••••••••••••••••••••••••••••••••••••••••••••••••••••••••••••••••••••••••••••••••••••••••••••••••••••••••••••••••••••••••••••••••••••••••••••••••••••••••••••••'
    'action' => 'entries/save-entry'
    'redirect' => '490843c11e58cbc7d0c00cdbb1bd218180270cae13eb8586e60b555c280b6b5dentries/casting'
    'sectionId' => '12'
    'entryId' => '863'
    'title' => 'sdfsdfsdChecksdfsdfdssdfsfdsfsdsdfsdfsd'
    'fields' => [
        'firstimage' => [
            864 => [
                'type' => 'image'
                'enabled' => '1'
                'fields' => [
                    'image' => [
                        0 => '632'
                    ]
                ]
            ]
        ]
        'pageImages' => [
            865 => [
                'type' => 'pageImage'
                'enabled' => '1'
                'fields' => [
                    'image' => [
                        0 => '241'
                    ]
                ]
            ]
            867 => [
                'type' => 'pageImage'
                'enabled' => '1'
                'fields' => [
                    'image' => [
                        0 => '636'
                    ]
                ]
            ]
            868 => [
                'type' => 'pageImage'
                'enabled' => '1'
                'fields' => [
                    'image' => [
                        0 => '243'
                    ]
                ]
            ]
        ]
        'season' => ''
        'credits' => ''
    ]
    'slug' => 'cc401e28-82ca-405a-9f2b-e6b1684c43ba'
    'postDate' => [
        'date' => '5/26/2019'
        'timezone' => 'America/Los_Angeles'
        'time' => '11:08 AM'
    ]
    'expiryDate' => [
        'date' => ''
        'timezone' => 'America/Los_Angeles'
        'time' => ''
    ]
    'enabled' => '1'
    'revisionNotes' => ''
]

$_FILES = []

$_COOKIE = [
    '1031b8c41dfff97a311a7ac99863bdc5_username' => 'ca794e9fe9812be45740b79a26f7eb8597c820e0394c7ec7e751b127ea08c1dda:2:{i:0;s:41:\"1031b8c41dfff97a311a7ac99863bdc5_username\";i:1;s:5:\"admin\";}'
    '__stripe_mid' => '04f850f2-3d50-4a24-9208-009743259a57'
    'CRAFT_CSRF_TOKEN' => '•••••••••••••••••••••••••••••••••••••••••••••••••••••••••••••••••••••••••••••••••••••••••••••••••••••••••••••••••••••••••••••••••••••••••••••••••••••••••••••••••••••••••••••••••••••••••••••••••••••••••••••••••••••••••••••••••••••••••••••••••••••••••••••••••••••••••••••••••••••••••••••••••••••••••••••••••••••••••••••••'
    'CraftSessionId' => 't20q7ef6n25fojl549uthug62p'
    '1031b8c41dfff97a311a7ac99863bdc5_identity' => '27d6ef2ff48874c5d49e3b55569faefcf66495811e901c70d48f5c02e5b0cec3a:2:{i:0;s:41:\"1031b8c41dfff97a311a7ac99863bdc5_identity\";i:1;s:250:\"[\"1\",\"[\\\"hKZ1b9msiUpsyOdGhxvhrF9gkiNuvO8pN-fQoXa50jbglaXnI4hCWT5ZnAtEeSavDZ0q5O291x1dXCfzEz6v5QIK8MVBMxZ7g18Y\\\",null,\\\"Mozilla/5.0 (Macintosh; Intel Mac OS X 10_14_3) AppleWebKit/537.36 (KHTML, like Gecko) Chrome/74.0.3729.169 Safari/537.36\\\"]\",3600]\";}'
]

$_SESSION = [
    'bd62416aa8538ede709019a5e113eea5__flash' => [
        'notice' => -1
    ]
    '1031b8c41dfff97a311a7ac99863bdc5__token' => '••••••••••••••••••••••••••••••••••••••••••••••••••••••••••••••••••••••••••••••••••••••••••••••••••••'
    '1031b8c41dfff97a311a7ac99863bdc5__id' => '1'
    '1031b8c41dfff97a311a7ac99863bdc5__expire' => 1558901143
    'bd62416aa8538ede709019a5e113eea5__auth_access' => [
        0 => 'saveAssetInVolume:1'
    ]
    'notice' => 'Entry saved.'
]

$_SERVER = [
    'USER' => 'vagrant'
    'HOME' => '/home/vagrant'
    'HTTP_COOKIE' => '1031b8c41dfff97a311a7ac99863bdc5_username=ca794e9fe9812be45740b79a26f7eb8597c820e0394c7ec7e751b127ea08c1dda%3A2%3A%7Bi%3A0%3Bs%3A41%3A%221031b8c41dfff97a311a7ac99863bdc5_username%22%3Bi%3A1%3Bs%3A5%3A%22admin%22%3B%7D; __stripe_mid=04f850f2-3d50-4a24-9208-009743259a57; CRAFT_CSRF_TOKEN=d18fb202ca6d4e261d12cabe7ed0d499cc17a0f5021dfdf98de4c4d2ad7ed55da%3A2%3A%7Bi%3A0%3Bs%3A16%3A%22CRAFT_CSRF_TOKEN%22%3Bi%3A1%3Bs%3A208%3A%22iyy5tq_17WzxNcWzUweHl7iFI2sB2MpJn91v5wnu%7Ca04780ac22ba155214780aff4ca5f07e211153b9ddfda8e4243be84fc0acddd2iyy5tq_17WzxNcWzUweHl7iFI2sB2MpJn91v5wnu%7C1%7C%242y%2413%24iQYUKKqaX5V7OiJPb6zel.fnAT7OYU0t%2FzZn%2Fv6UKbNx2BAj%2FWzDe%22%3B%7D; CraftSessionId=t20q7ef6n25fojl549uthug62p; 1031b8c41dfff97a311a7ac99863bdc5_identity=27d6ef2ff48874c5d49e3b55569faefcf66495811e901c70d48f5c02e5b0cec3a%3A2%3A%7Bi%3A0%3Bs%3A41%3A%221031b8c41dfff97a311a7ac99863bdc5_identity%22%3Bi%3A1%3Bs%3A250%3A%22%5B%221%22%2C%22%5B%5C%22hKZ1b9msiUpsyOdGhxvhrF9gkiNuvO8pN-fQoXa50jbglaXnI4hCWT5ZnAtEeSavDZ0q5O291x1dXCfzEz6v5QIK8MVBMxZ7g18Y%5C%22%2Cnull%2C%5C%22Mozilla%2F5.0+%28Macintosh%3B+Intel+Mac+OS+X+10_14_3%29+AppleWebKit%2F537.36+%28KHTML%2C+like+Gecko%29+Chrome%2F74.0.3729.169+Safari%2F537.36%5C%22%5D%22%2C3600%5D%22%3B%7D'
    'HTTP_ACCEPT_LANGUAGE' => 'en-US,en;q=0.9,nl;q=0.8,de;q=0.7,la;q=0.6'
    'HTTP_ACCEPT_ENCODING' => 'gzip, deflate'
    'HTTP_REFERER' => 'http://rickymichiels.test/admin/entries/casting/863-cc401e28-82ca-405a-9f2b-e6b1684c43ba'
    'HTTP_ACCEPT' => 'text/html,application/xhtml+xml,application/xml;q=0.9,image/webp,image/apng,*/*;q=0.8,application/signed-exchange;v=b3'
    'HTTP_USER_AGENT' => 'Mozilla/5.0 (Macintosh; Intel Mac OS X 10_14_3) AppleWebKit/537.36 (KHTML, like Gecko) Chrome/74.0.3729.169 Safari/537.36'
    'HTTP_CONTENT_TYPE' => 'application/x-www-form-urlencoded'
    'HTTP_UPGRADE_INSECURE_REQUESTS' => '1'
    'HTTP_ORIGIN' => 'http://rickymichiels.test'
    'HTTP_CACHE_CONTROL' => 'max-age=0'
    'HTTP_CONTENT_LENGTH' => '2088'
    'HTTP_CONNECTION' => 'keep-alive'
    'HTTP_HOST' => 'rickymichiels.test'
    'REDIRECT_STATUS' => '200'
    'SERVER_NAME' => 'rickymichiels.test'
    'SERVER_PORT' => '80'
    'SERVER_ADDR' => '192.168.10.10'
    'REMOTE_PORT' => '53838'
    'REMOTE_ADDR' => '192.168.10.1'
    'SERVER_SOFTWARE' => 'nginx/1.15.8'
    'GATEWAY_INTERFACE' => 'CGI/1.1'
    'SERVER_PROTOCOL' => 'HTTP/1.1'
    'DOCUMENT_ROOT' => '/home/vagrant/Code/Projects/rickymichiels/web'
    'DOCUMENT_URI' => '/index.php'
    'REQUEST_URI' => '/admin/entries/casting/863-cc401e28-82ca-405a-9f2b-e6b1684c43ba'
    'SCRIPT_NAME' => '/index.php'
    'SCRIPT_FILENAME' => '/home/vagrant/Code/Projects/rickymichiels/web/index.php'
    'CONTENT_LENGTH' => '2088'
    'CONTENT_TYPE' => 'application/x-www-form-urlencoded'
    'REQUEST_METHOD' => 'POST'
    'QUERY_STRING' => ''
    'FCGI_ROLE' => 'RESPONDER'
    'PHP_SELF' => '/index.php'
    'REQUEST_TIME_FLOAT' => 1558897543.3057
    'REQUEST_TIME' => 1558897543
    'SECURITY_KEY' => '••••••••••••••••••••••••••••••••'
    'DB_DRIVER' => 'mysql'
    'DB_SERVER' => '192.168.10.10'
    'DB_PORT' => '3306'
    'DB_USER' => 'homestead'
    'DB_PASSWORD' => '••••••'
    'DB_DATABASE' => 'rickymichiels'
    'DB_SCHEMA' => 'public'
    'DB_TABLE_PREFIX' => ''
    'DEFAULT_SITE_URL' => 'rickymichiels.test'
    'ENVIRONMENT' => 'local'
    'VUE_APP_BASE_URI' => 'http://rickymichiels.test/api/v1/'
]
2019-05-26 12:06:26 [-][1][t20q7ef6n25fojl549uthug62p][info][your-plugin-handle] Lorem ipsum
2019-05-26 12:06:25 [-][1][t20q7ef6n25fojl549uthug62p][info][application] $_GET = []

$_POST = [
    'CRAFT_CSRF_TOKEN' => '••••••••••••••••••••••••••••••••••••••••••••••••••••••••••••••••••••••••••••••••••••••••••••••••••••••••••••••••••••••••••••••••••••••••••••••••••••••••••••••••••••••••••••••••••••••••••••••••••••••••••••••••••••••••••••••••••••••••••••••••••••••••••••••••••••••••••••••••••••••••••••••••••••••••••••••••••••••••••••••••••••••••••••••••••••••••••••••••••••••••••••••••••••••••••••••••••••••••••••••••••••••••••••••••••••••••••••••••••••••••••••••••••••••••••••••••••••••••••••••••••••••••••••••••••••••••••••••••••••••••••••••••••••••••••••••••••••••••••••'
    'action' => 'entries/save-entry'
    'redirect' => '490843c11e58cbc7d0c00cdbb1bd218180270cae13eb8586e60b555c280b6b5dentries/casting'
    'sectionId' => '12'
    'entryId' => '863'
    'title' => 's'
    'fields' => [
        'firstimage' => [
            864 => [
                'type' => 'image'
                'enabled' => '1'
                'fields' => [
                    'image' => [
                        0 => '632'
                    ]
                ]
            ]
        ]
        'pageImages' => [
            865 => [
                'type' => 'pageImage'
                'enabled' => '1'
                'fields' => [
                    'image' => [
                        0 => '241'
                    ]
                ]
            ]
            867 => [
                'type' => 'pageImage'
                'enabled' => '1'
                'fields' => [
                    'image' => [
                        0 => '636'
                    ]
                ]
            ]
            868 => [
                'type' => 'pageImage'
                'enabled' => '1'
                'fields' => [
                    'image' => [
                        0 => '243'
                    ]
                ]
            ]
        ]
        'season' => ''
        'credits' => ''
    ]
    'slug' => 'cc401e28-82ca-405a-9f2b-e6b1684c43ba'
    'postDate' => [
        'date' => '5/26/2019'
        'timezone' => 'America/Los_Angeles'
        'time' => '11:08 AM'
    ]
    'expiryDate' => [
        'date' => ''
        'timezone' => 'America/Los_Angeles'
        'time' => ''
    ]
    'enabled' => '1'
    'revisionNotes' => ''
]

$_FILES = []

$_COOKIE = [
    '1031b8c41dfff97a311a7ac99863bdc5_username' => 'ca794e9fe9812be45740b79a26f7eb8597c820e0394c7ec7e751b127ea08c1dda:2:{i:0;s:41:\"1031b8c41dfff97a311a7ac99863bdc5_username\";i:1;s:5:\"admin\";}'
    '__stripe_mid' => '04f850f2-3d50-4a24-9208-009743259a57'
    'CRAFT_CSRF_TOKEN' => '•••••••••••••••••••••••••••••••••••••••••••••••••••••••••••••••••••••••••••••••••••••••••••••••••••••••••••••••••••••••••••••••••••••••••••••••••••••••••••••••••••••••••••••••••••••••••••••••••••••••••••••••••••••••••••••••••••••••••••••••••••••••••••••••••••••••••••••••••••••••••••••••••••••••••••••••••••••••••••••••'
    'CraftSessionId' => 't20q7ef6n25fojl549uthug62p'
    '1031b8c41dfff97a311a7ac99863bdc5_identity' => '27d6ef2ff48874c5d49e3b55569faefcf66495811e901c70d48f5c02e5b0cec3a:2:{i:0;s:41:\"1031b8c41dfff97a311a7ac99863bdc5_identity\";i:1;s:250:\"[\"1\",\"[\\\"hKZ1b9msiUpsyOdGhxvhrF9gkiNuvO8pN-fQoXa50jbglaXnI4hCWT5ZnAtEeSavDZ0q5O291x1dXCfzEz6v5QIK8MVBMxZ7g18Y\\\",null,\\\"Mozilla/5.0 (Macintosh; Intel Mac OS X 10_14_3) AppleWebKit/537.36 (KHTML, like Gecko) Chrome/74.0.3729.169 Safari/537.36\\\"]\",3600]\";}'
]

$_SESSION = [
    'bd62416aa8538ede709019a5e113eea5__flash' => []
    '1031b8c41dfff97a311a7ac99863bdc5__token' => '••••••••••••••••••••••••••••••••••••••••••••••••••••••••••••••••••••••••••••••••••••••••••••••••••••'
    '1031b8c41dfff97a311a7ac99863bdc5__id' => '1'
    '1031b8c41dfff97a311a7ac99863bdc5__expire' => 1558901185
    'bd62416aa8538ede709019a5e113eea5__auth_access' => [
        0 => 'saveAssetInVolume:1'
    ]
]

$_SERVER = [
    'USER' => 'vagrant'
    'HOME' => '/home/vagrant'
    'HTTP_COOKIE' => '1031b8c41dfff97a311a7ac99863bdc5_username=ca794e9fe9812be45740b79a26f7eb8597c820e0394c7ec7e751b127ea08c1dda%3A2%3A%7Bi%3A0%3Bs%3A41%3A%221031b8c41dfff97a311a7ac99863bdc5_username%22%3Bi%3A1%3Bs%3A5%3A%22admin%22%3B%7D; __stripe_mid=04f850f2-3d50-4a24-9208-009743259a57; CRAFT_CSRF_TOKEN=d18fb202ca6d4e261d12cabe7ed0d499cc17a0f5021dfdf98de4c4d2ad7ed55da%3A2%3A%7Bi%3A0%3Bs%3A16%3A%22CRAFT_CSRF_TOKEN%22%3Bi%3A1%3Bs%3A208%3A%22iyy5tq_17WzxNcWzUweHl7iFI2sB2MpJn91v5wnu%7Ca04780ac22ba155214780aff4ca5f07e211153b9ddfda8e4243be84fc0acddd2iyy5tq_17WzxNcWzUweHl7iFI2sB2MpJn91v5wnu%7C1%7C%242y%2413%24iQYUKKqaX5V7OiJPb6zel.fnAT7OYU0t%2FzZn%2Fv6UKbNx2BAj%2FWzDe%22%3B%7D; CraftSessionId=t20q7ef6n25fojl549uthug62p; 1031b8c41dfff97a311a7ac99863bdc5_identity=27d6ef2ff48874c5d49e3b55569faefcf66495811e901c70d48f5c02e5b0cec3a%3A2%3A%7Bi%3A0%3Bs%3A41%3A%221031b8c41dfff97a311a7ac99863bdc5_identity%22%3Bi%3A1%3Bs%3A250%3A%22%5B%221%22%2C%22%5B%5C%22hKZ1b9msiUpsyOdGhxvhrF9gkiNuvO8pN-fQoXa50jbglaXnI4hCWT5ZnAtEeSavDZ0q5O291x1dXCfzEz6v5QIK8MVBMxZ7g18Y%5C%22%2Cnull%2C%5C%22Mozilla%2F5.0+%28Macintosh%3B+Intel+Mac+OS+X+10_14_3%29+AppleWebKit%2F537.36+%28KHTML%2C+like+Gecko%29+Chrome%2F74.0.3729.169+Safari%2F537.36%5C%22%5D%22%2C3600%5D%22%3B%7D'
    'HTTP_ACCEPT_LANGUAGE' => 'en-US,en;q=0.9,nl;q=0.8,de;q=0.7,la;q=0.6'
    'HTTP_ACCEPT_ENCODING' => 'gzip, deflate'
    'HTTP_REFERER' => 'http://rickymichiels.test/admin/entries/casting/863-cc401e28-82ca-405a-9f2b-e6b1684c43ba'
    'HTTP_ACCEPT' => 'text/html,application/xhtml+xml,application/xml;q=0.9,image/webp,image/apng,*/*;q=0.8,application/signed-exchange;v=b3'
    'HTTP_USER_AGENT' => 'Mozilla/5.0 (Macintosh; Intel Mac OS X 10_14_3) AppleWebKit/537.36 (KHTML, like Gecko) Chrome/74.0.3729.169 Safari/537.36'
    'HTTP_CONTENT_TYPE' => 'application/x-www-form-urlencoded'
    'HTTP_UPGRADE_INSECURE_REQUESTS' => '1'
    'HTTP_ORIGIN' => 'http://rickymichiels.test'
    'HTTP_CACHE_CONTROL' => 'max-age=0'
    'HTTP_CONTENT_LENGTH' => '2050'
    'HTTP_CONNECTION' => 'keep-alive'
    'HTTP_HOST' => 'rickymichiels.test'
    'REDIRECT_STATUS' => '200'
    'SERVER_NAME' => 'rickymichiels.test'
    'SERVER_PORT' => '80'
    'SERVER_ADDR' => '192.168.10.10'
    'REMOTE_PORT' => '53899'
    'REMOTE_ADDR' => '192.168.10.1'
    'SERVER_SOFTWARE' => 'nginx/1.15.8'
    'GATEWAY_INTERFACE' => 'CGI/1.1'
    'SERVER_PROTOCOL' => 'HTTP/1.1'
    'DOCUMENT_ROOT' => '/home/vagrant/Code/Projects/rickymichiels/web'
    'DOCUMENT_URI' => '/index.php'
    'REQUEST_URI' => '/admin/entries/casting/863-cc401e28-82ca-405a-9f2b-e6b1684c43ba'
    'SCRIPT_NAME' => '/index.php'
    'SCRIPT_FILENAME' => '/home/vagrant/Code/Projects/rickymichiels/web/index.php'
    'CONTENT_LENGTH' => '2050'
    'CONTENT_TYPE' => 'application/x-www-form-urlencoded'
    'REQUEST_METHOD' => 'POST'
    'QUERY_STRING' => ''
    'FCGI_ROLE' => 'RESPONDER'
    'PHP_SELF' => '/index.php'
    'REQUEST_TIME_FLOAT' => 1558897585.7522
    'REQUEST_TIME' => 1558897585
    'SECURITY_KEY' => '••••••••••••••••••••••••••••••••'
    'DB_DRIVER' => 'mysql'
    'DB_SERVER' => '192.168.10.10'
    'DB_PORT' => '3306'
    'DB_USER' => 'homestead'
    'DB_PASSWORD' => '••••••'
    'DB_DATABASE' => 'rickymichiels'
    'DB_SCHEMA' => 'public'
    'DB_TABLE_PREFIX' => ''
    'DEFAULT_SITE_URL' => 'rickymichiels.test'
    'ENVIRONMENT' => 'local'
    'VUE_APP_BASE_URI' => 'http://rickymichiels.test/api/v1/'
]
